<?xml version="1.0" encoding="UTF-8"?>
<!-- Generated by org.testng.reporters.JUnitReportReporter -->
<testsuite hostname="PRIYAHAPPYMIND" name="TestNGeg.AnnotationTestNG" tests="2" failures="0" timestamp="29 Aug 2020 09:39:06 GMT" time="0.000" errors="0">
  <testcase name="APIloan" time="0.000" classname="TestNGeg.AnnotationTestNG"/>
  <testcase name="Mobileloan" time="0.000" classname="TestNGeg.AnnotationTestNG"/>
</testsuite> <!-- TestNGeg.AnnotationTestNG -->
