<?xml version="1.0" encoding="UTF-8"?>
<!-- Generated by org.testng.reporters.JUnitReportReporter -->
<testsuite skipped="0" hostname="DESKTOP-TA2T6TL" name="PP_Framework.HomePage" tests="2" failures="0" timestamp="2020-08-28T16:07:36 BST" time="9.298" errors="0">
  <testcase name="validateLogin" time="6.475" classname="PP_Framework.HomePage"/>
  <system-out/>
  <testcase name="validateLogin" time="2.823" classname="PP_Framework.HomePage"/>
  <system-out/>
</testsuite> <!-- PP_Framework.HomePage -->
