<?xml version="1.0" encoding="UTF-8"?>
<!-- Generated by org.testng.reporters.JUnitReportReporter -->
<testsuite skipped="0" hostname="DESKTOP-TA2T6TL" name="PP_Framework.ValidateNavigationBar" tests="1" failures="0" timestamp="2020-08-28T12:02:25 BST" time="0.535" errors="0">
  <testcase name="basePageNavigation" time="0.535" classname="PP_Framework.ValidateNavigationBar"/>
  <system-out/>
</testsuite> <!-- PP_Framework.ValidateNavigationBar -->
