<?xml version="1.0" encoding="UTF-8"?>
<!-- Generated by org.testng.reporters.JUnitReportReporter -->
<testsuite skipped="0" hostname="DESKTOP-TA2T6TL" name="PP_Framework.ValidateTitle2" tests="1" failures="0" timestamp="2020-08-27T12:39:45 BST" time="8.499" errors="0">
  <testcase name="basePageNavigation" time="8.499" classname="PP_Framework.ValidateTitle2"/>
  <system-out/>
</testsuite> <!-- PP_Framework.ValidateTitle2 -->
