<?xml version="1.0" encoding="UTF-8"?>
<!-- Generated by org.testng.reporters.JUnitReportReporter -->
<testsuite hostname="DESKTOP-TA2T6TL" name="PP_Framework.ValidateNavigationBar" tests="1" failures="0" timestamp="28 Aug 2020 15:08:44 GMT" time="0.517" errors="0">
  <testcase name="validateNavigationTabs" time="0.517" classname="PP_Framework.ValidateNavigationBar"/>
</testsuite> <!-- PP_Framework.ValidateNavigationBar -->
