<?xml version="1.0" encoding="UTF-8"?>
<!-- Generated by org.testng.reporters.JUnitReportReporter -->
<testsuite hostname="DESKTOP-TA2T6TL" name="PP_Framework.HomePage" tests="2" failures="0" timestamp="28 Aug 2020 15:08:44 GMT" time="11.348" errors="0">
  <testcase name="validateLogin" time="8.557" classname="PP_Framework.HomePage"/>
  <testcase name="validateLogin" time="2.791" classname="PP_Framework.HomePage"/>
</testsuite> <!-- PP_Framework.HomePage -->
